SF:/Users/j4qfrost/Projects/conduit/packages/test_harness/lib/src/harness.dart
DA:43,6
DA:48,9
DA:77,3
DA:79,0
DA:80,0
DA:83,0
DA:84,0
DA:87,6
DA:88,3
DA:91,6
DA:92,3
DA:96,6
DA:97,6
DA:105,3
DA:108,12
DA:110,3
DA:111,6
DA:112,9
DA:113,3
DA:122,3
DA:123,6
DA:124,3
DA:134,3
DA:142,3
DA:150,0
DA:158,2
LF:26
LH:21
end_of_record
SF:/Users/j4qfrost/Projects/conduit/packages/test_harness/lib/src/response.dart
DA:12,14
DA:24,0
DA:27,6
DA:30,0
DA:33,18
DA:36,0
DA:38,2
DA:40,2
DA:41,6
DA:42,2
DA:44,6
DA:45,6
DA:46,4
DA:47,4
DA:50,4
DA:51,2
DA:52,6
DA:54,1
DA:56,2
DA:58,2
DA:71,7
DA:73,7
DA:74,28
DA:75,6
DA:81,7
DA:82,21
DA:84,7
DA:85,7
DA:87,2
DA:89,4
LF:30
LH:27
end_of_record
SF:/Users/j4qfrost/Projects/conduit/packages/test_harness/lib/src/request.dart
DA:11,7
DA:22,7
DA:23,14
DA:26,0
DA:67,7
DA:68,7
DA:69,0
DA:72,7
DA:73,7
DA:74,6
DA:77,21
DA:78,14
DA:79,3
DA:81,9
DA:82,3
DA:83,2
DA:84,3
DA:85,2
DA:86,2
DA:87,2
DA:90,6
DA:91,6
DA:95,6
DA:106,0
DA:107,0
DA:108,0
DA:116,0
DA:117,0
DA:121,1
DA:122,2
DA:123,4
DA:130,3
DA:131,3
DA:138,3
DA:139,3
DA:146,0
DA:147,0
DA:154,6
DA:155,6
DA:162,1
DA:163,1
DA:166,7
DA:167,14
DA:168,7
DA:170,7
DA:171,6
DA:172,0
DA:173,0
DA:176,21
DA:178,18
DA:179,8
DA:182,7
DA:183,3
DA:184,9
DA:185,9
DA:186,3
DA:189,7
DA:190,7
DA:193,14
DA:198,3
DA:199,3
DA:203,3
DA:204,1
DA:208,9
DA:213,0
DA:214,0
DA:217,0
DA:220,6
LF:68
LH:54
end_of_record
SF:/Users/j4qfrost/Projects/conduit/packages/test_harness/lib/src/agent.dart
DA:39,4
DA:46,5
DA:52,1
DA:55,1
DA:59,2
DA:60,2
DA:61,2
DA:62,2
DA:63,2
DA:64,2
DA:65,6
DA:94,7
DA:95,7
DA:96,6
DA:97,1
DA:99,27
DA:102,20
DA:109,1
DA:110,2
DA:111,4
DA:117,1
DA:118,3
DA:122,0
DA:123,0
DA:124,0
DA:133,7
DA:134,14
DA:135,14
DA:136,7
DA:137,14
DA:139,21
DA:145,0
DA:146,0
DA:152,3
DA:154,3
DA:160,1
DA:164,1
DA:170,0
DA:174,0
DA:180,2
DA:184,2
DA:200,3
DA:204,3
DA:205,3
DA:206,6
DA:209,2
DA:212,3
LF:47
LH:40
end_of_record
SF:/Users/j4qfrost/Projects/conduit/packages/test_harness/lib/src/auth_harness.dart
DA:56,0
DA:58,0
DA:59,0
DA:63,0
DA:64,0
DA:65,0
DA:68,0
DA:71,0
DA:72,0
DA:82,0
DA:84,0
DA:85,0
DA:86,0
DA:90,0
DA:93,0
DA:94,0
DA:95,0
DA:96,0
DA:97,0
DA:98,0
DA:99,0
DA:100,0
DA:101,0
DA:102,0
LF:24
LH:0
end_of_record
SF:/Users/j4qfrost/Projects/conduit/packages/test_harness/lib/src/db_harness.dart
DA:45,0
DA:56,0
DA:57,0
DA:58,0
DA:59,0
DA:66,0
DA:67,0
DA:68,0
DA:71,0
DA:72,0
DA:73,0
LF:11
LH:0
end_of_record
SF:/Users/j4qfrost/Projects/conduit/packages/test_harness/lib/src/matchers.dart
DA:62,1
DA:63,1
DA:64,4
DA:74,1
DA:75,1
DA:76,4
DA:86,1
DA:87,4
DA:88,2
DA:98,1
DA:99,4
DA:100,2
DA:110,1
DA:111,1
DA:112,4
DA:121,0
DA:123,0
DA:160,2
DA:172,2
DA:173,2
DA:187,1
DA:188,2
DA:206,1
DA:208,1
DA:210,1
DA:230,5
DA:234,5
DA:237,1
DA:240,4
DA:255,4
DA:257,8
LF:31
LH:29
end_of_record
SF:/Users/j4qfrost/Projects/conduit/packages/test_harness/lib/src/mock_server.dart
DA:15,3
DA:24,5
DA:25,10
DA:26,3
DA:28,10
DA:32,1
DA:33,2
DA:34,2
DA:42,3
DA:43,6
DA:44,1
DA:45,2
DA:46,1
DA:49,9
DA:83,10
DA:104,3
DA:113,2
DA:114,2
DA:115,6
DA:125,2
DA:126,4
DA:127,4
DA:135,1
DA:136,3
DA:140,5
DA:142,5
DA:143,15
DA:144,30
DA:145,5
DA:147,10
DA:149,5
DA:151,5
DA:157,5
DA:159,10
DA:162,5
DA:163,10
DA:164,4
DA:165,2
DA:167,4
DA:170,6
DA:171,6
DA:172,2
DA:174,2
DA:175,2
DA:178,1
DA:179,0
DA:185,6
DA:186,3
DA:193,3
DA:202,3
DA:203,3
DA:204,2
DA:207,3
DA:208,4
DA:209,2
DA:210,2
LF:56
LH:55
end_of_record
SF:/Users/j4qfrost/Projects/conduit/packages/test_harness/lib/src/body_matcher.dart
DA:8,5
DA:9,5
DA:10,3
DA:12,6
DA:18,5
DA:20,10
DA:27,2
DA:29,2
DA:30,4
DA:35,1
DA:38,1
DA:40,1
DA:41,1
LF:13
LH:13
end_of_record
SF:/Users/j4qfrost/Projects/conduit/packages/test_harness/lib/src/header_matcher.dart
DA:9,1
DA:11,2
DA:12,1
DA:13,1
DA:14,3
DA:16,2
DA:19,1
DA:20,5
DA:22,4
DA:31,1
DA:33,1
DA:34,0
DA:39,1
DA:40,1
DA:43,3
DA:44,1
DA:45,1
DA:46,1
DA:53,2
DA:54,1
DA:55,1
DA:64,1
DA:66,1
DA:67,1
DA:68,2
DA:69,2
DA:71,2
DA:83,1
DA:86,1
DA:90,2
DA:91,3
DA:92,3
DA:94,1
DA:99,1
DA:103,2
DA:104,1
DA:106,1
DA:107,2
DA:108,1
DA:112,1
DA:113,0
DA:114,1
DA:115,2
DA:116,4
LF:44
LH:42
end_of_record
SF:/Users/j4qfrost/Projects/conduit/packages/test_harness/lib/src/http_value_wrapper.dart
DA:6,1
DA:10,1
DA:15,1
DA:17,2
DA:18,1
DA:27,1
DA:31,1
DA:32,0
DA:35,1
DA:37,0
DA:40,2
DA:44,2
DA:46,1
DA:49,2
DA:51,1
DA:53,1
DA:56,2
DA:58,1
DA:63,1
DA:65,2
DA:68,0
DA:71,0
LF:22
LH:18
end_of_record
SF:/Users/j4qfrost/Projects/conduit/packages/test_harness/lib/src/partial_matcher.dart
DA:4,8
DA:6,0
DA:12,1
DA:14,1
DA:19,1
DA:20,2
DA:21,1
DA:22,2
DA:24,3
DA:31,1
DA:33,1
DA:34,0
DA:39,1
DA:40,1
DA:42,3
DA:43,1
DA:44,1
DA:45,1
DA:52,1
DA:53,1
DA:54,1
DA:66,1
DA:68,1
DA:69,3
DA:70,3
DA:76,1
DA:79,1
DA:80,0
DA:85,1
DA:86,1
DA:88,1
DA:89,2
DA:90,2
DA:91,1
DA:92,2
DA:93,1
DA:95,1
LF:37
LH:34
end_of_record
SF:/Users/j4qfrost/Projects/conduit/packages/test_harness/lib/src/response_matcher.dart
DA:12,6
DA:18,6
DA:20,6
DA:21,2
DA:25,6
DA:26,6
DA:27,6
DA:31,18
DA:32,2
DA:38,3
DA:39,1
DA:45,20
DA:46,2
DA:54,2
DA:56,2
DA:57,2
DA:58,2
DA:59,6
DA:61,1
DA:64,2
DA:66,2
DA:67,2
DA:69,2
DA:72,2
DA:73,4
DA:75,1
DA:78,2
DA:81,1
DA:84,1
DA:86,1
DA:91,1
DA:93,1
DA:94,2
DA:97,2
DA:98,2
DA:99,1
DA:102,2
DA:103,2
DA:104,2
LF:39
LH:39
end_of_record
