SF:/Users/j4qfrost/Projects/conduit/packages/isolate_exec/lib/src/executable.dart
DA:6,2
DA:13,0
DA:19,0
DA:20,0
DA:21,0
DA:22,0
DA:24,0
DA:25,0
DA:26,0
DA:27,0
DA:28,0
DA:29,0
DA:30,0
DA:31,0
DA:32,0
DA:33,0
DA:34,0
DA:39,0
DA:44,0
DA:47,0
DA:48,0
DA:51,0
DA:52,0
LF:23
LH:1
end_of_record
SF:/Users/j4qfrost/Projects/conduit/packages/isolate_exec/lib/src/executor.dart
DA:9,1
DA:20,3
DA:22,3
DA:27,1
DA:28,1
DA:29,3
DA:30,0
DA:31,0
DA:35,3
DA:37,1
DA:38,2
DA:39,1
DA:41,3
DA:43,4
DA:45,0
DA:49,1
DA:50,2
DA:51,3
DA:52,1
DA:53,3
DA:55,1
DA:56,3
DA:60,2
DA:63,3
DA:65,1
DA:66,1
DA:68,1
DA:69,1
DA:71,1
DA:72,1
DA:73,1
DA:74,1
DA:77,0
DA:79,0
DA:80,0
DA:81,0
DA:85,2
DA:87,1
DA:88,1
DA:89,2
DA:90,2
DA:94,1
DA:103,1
DA:104,1
DA:110,1
DA:113,1
DA:117,2
DA:121,2
DA:124,1
LF:49
LH:42
end_of_record
SF:/Users/j4qfrost/Projects/conduit/packages/isolate_exec/lib/src/source_generator.dart
DA:15,1
DA:24,1
DA:25,4
DA:30,1
DA:31,3
DA:32,1
DA:34,1
DA:35,1
DA:36,1
DA:37,2
DA:38,2
DA:40,1
DA:44,1
DA:48,1
DA:50,1
DA:52,3
DA:53,1
DA:54,0
DA:55,0
DA:58,1
DA:59,2
DA:62,1
DA:65,1
DA:67,4
DA:68,2
DA:70,1
DA:71,1
DA:72,1
DA:73,3
DA:75,2
DA:76,1
DA:77,5
DA:81,1
DA:85,1
DA:86,1
DA:87,1
DA:90,1
DA:91,1
DA:93,2
LF:39
LH:37
end_of_record
