SF:/Users/j4qfrost/Projects/conduit/packages/password_hash/lib/pbkdf2.dart
DA:14,1
DA:15,1
DA:18,2
DA:19,1
DA:20,1
DA:21,6
DA:34,1
DA:40,5
DA:41,1
DA:44,3
DA:45,3
DA:46,1
DA:49,1
DA:50,1
DA:51,3
DA:52,4
DA:54,2
DA:55,2
DA:56,3
DA:57,3
DA:58,2
DA:60,1
DA:61,1
DA:62,2
DA:63,1
DA:65,4
DA:67,1
DA:70,2
DA:76,0
DA:84,0
DA:90,1
DA:93,1
DA:94,2
DA:98,1
DA:99,5
DA:100,4
DA:101,6
DA:104,1
DA:105,1
DA:109,2
DA:110,1
DA:111,2
DA:112,1
DA:115,3
DA:121,1
DA:123,2
DA:124,4
DA:125,7
DA:129,1
LF:49
LH:47
end_of_record
SF:/Users/j4qfrost/Projects/conduit/packages/password_hash/lib/salt.dart
DA:8,1
DA:9,1
DA:10,1
DA:11,2
DA:12,2
DA:22,1
DA:24,2
LF:7
LH:7
end_of_record
