SF:/Users/j4qfrost/Projects/conduit/packages/config/lib/src/configuration.dart
DA:12,2
DA:14,2
DA:15,10
DA:19,1
DA:20,1
DA:22,4
DA:23,1
DA:29,3
DA:31,2
DA:32,6
DA:37,2
DA:38,2
DA:39,1
DA:41,2
DA:45,4
DA:47,2
DA:56,2
DA:58,4
DA:61,2
DA:62,4
DA:63,1
DA:64,2
DA:68,2
DA:78,2
DA:84,2
DA:85,2
DA:86,2
DA:88,2
DA:89,4
DA:91,2
DA:92,1
DA:93,1
DA:94,1
DA:95,1
DA:96,1
DA:97,1
DA:98,3
DA:100,1
DA:102,1
DA:105,0
DA:106,0
DA:109,0
DA:113,0
DA:115,0
DA:116,0
DA:119,2
DA:121,2
DA:122,2
DA:155,3
DA:200,2
DA:206,2
DA:211,10
DA:224,2
DA:226,4
DA:227,4
DA:230,2
DA:231,8
DA:232,4
DA:234,2
DA:235,2
DA:236,2
DA:238,2
DA:239,1
DA:240,2
DA:242,0
DA:246,8
DA:252,0
DA:260,0
DA:262,0
LF:69
LH:59
end_of_record
SF:/Users/j4qfrost/Projects/conduit/packages/config/lib/src/compiler.dart
DA:9,3
DA:11,3
DA:12,9
DA:13,3
DA:14,6
DA:15,3
DA:21,0
DA:23,0
DA:24,0
DA:26,0
DA:27,0
DA:28,0
LF:12
LH:6
end_of_record
SF:/Users/j4qfrost/Projects/conduit/packages/config/lib/src/default_configurations.dart
DA:8,1
DA:10,0
DA:12,0
DA:14,0
DA:15,0
DA:18,0
DA:59,1
DA:61,1
DA:62,1
DA:66,1
DA:67,0
DA:69,0
DA:73,1
DA:74,2
DA:75,2
DA:76,3
DA:77,3
DA:80,2
DA:81,1
DA:85,2
DA:86,1
DA:87,3
DA:89,2
DA:90,3
DA:93,1
DA:99,0
DA:101,0
DA:103,0
DA:105,0
LF:29
LH:18
end_of_record
SF:/Users/j4qfrost/Projects/conduit/packages/config/lib/src/runtime.dart
DA:9,3
DA:11,6
DA:18,2
DA:20,2
DA:21,6
DA:22,2
DA:27,2
DA:30,4
DA:36,10
DA:37,2
DA:40,2
DA:44,2
DA:45,6
DA:48,2
DA:49,1
DA:51,6
DA:56,0
DA:57,0
DA:59,0
DA:60,0
DA:61,0
DA:62,0
DA:63,0
DA:65,0
DA:66,0
DA:67,0
DA:69,0
DA:70,0
DA:71,0
DA:73,0
DA:74,0
DA:75,0
DA:77,0
DA:78,0
DA:81,0
DA:90,0
DA:93,2
DA:95,2
DA:96,4
DA:97,4
DA:99,8
DA:100,2
DA:105,6
DA:106,2
DA:108,2
DA:109,2
DA:116,3
DA:117,3
DA:119,3
DA:120,6
DA:121,3
DA:122,6
DA:123,3
DA:124,12
DA:126,3
DA:129,3
DA:130,6
DA:131,6
DA:132,6
DA:137,0
DA:138,0
DA:143,0
DA:144,0
DA:147,0
DA:148,0
DA:153,0
DA:154,0
DA:160,0
DA:162,0
DA:165,0
DA:167,0
DA:168,0
DA:171,0
DA:173,0
DA:178,0
DA:183,0
DA:186,0
LF:77
LH:39
end_of_record
SF:/Users/j4qfrost/Projects/conduit/packages/config/lib/src/intermediate_exception.dart
DA:2,1
LF:1
LH:1
end_of_record
SF:/Users/j4qfrost/Projects/conduit/packages/config/lib/src/mirror_property.dart
DA:7,3
DA:8,9
DA:9,3
DA:10,12
DA:11,3
DA:12,3
DA:13,6
DA:14,4
DA:18,2
DA:19,2
DA:21,2
DA:29,2
DA:30,6
DA:31,1
DA:32,6
DA:33,1
DA:34,6
DA:35,2
DA:36,6
DA:37,2
DA:38,6
DA:39,2
DA:45,1
DA:46,1
DA:47,1
DA:53,1
DA:54,1
DA:55,1
DA:61,2
DA:62,8
DA:65,2
DA:70,2
DA:72,8
DA:73,8
DA:74,6
DA:76,4
DA:77,2
DA:78,1
DA:79,2
DA:82,2
DA:88,2
DA:90,8
DA:92,8
DA:93,4
DA:94,2
DA:95,1
DA:99,4
DA:100,1
DA:101,0
DA:104,2
DA:111,0
DA:112,0
DA:115,0
DA:116,0
DA:117,0
DA:118,0
DA:119,0
DA:120,0
DA:121,0
DA:122,0
DA:123,0
DA:124,0
DA:125,0
DA:131,0
DA:132,0
DA:134,0
DA:136,0
DA:150,0
DA:153,0
DA:154,0
DA:156,0
DA:158,0
DA:176,0
DA:179,0
DA:181,0
DA:186,0
DA:189,0
DA:199,0
DA:211,3
DA:212,6
DA:217,8
DA:218,6
DA:220,0
DA:222,2
DA:224,2
DA:225,2
DA:226,0
DA:227,0
DA:229,0
DA:231,0
DA:237,2
DA:238,6
LF:92
LH:58
end_of_record
