SF:/Users/j4qfrost/Projects/conduit/packages/codable/lib/src/coding.dart
DA:12,2
DA:14,2
DA:16,4
DA:17,4
LF:4
LH:4
end_of_record
SF:/Users/j4qfrost/Projects/conduit/packages/codable/lib/cast.dart
DA:38,0
DA:39,0
DA:41,0
DA:42,0
DA:44,0
DA:49,6
DA:51,4
DA:55,2
DA:56,2
DA:61,2
DA:62,0
DA:64,0
DA:66,0
DA:70,2
DA:71,0
DA:73,0
DA:75,0
DA:79,2
DA:80,2
DA:82,2
DA:84,0
DA:88,2
DA:89,0
DA:91,0
DA:93,0
DA:99,3
DA:102,2
DA:104,2
DA:105,2
DA:106,4
DA:107,4
DA:108,8
DA:112,0
DA:118,0
DA:119,0
DA:125,0
DA:126,0
DA:127,0
DA:128,0
DA:132,0
DA:138,1
DA:139,1
DA:141,1
DA:142,1
DA:143,1
DA:144,2
DA:145,1
DA:146,4
DA:148,1
DA:153,0
DA:158,0
DA:160,1
DA:161,1
DA:163,1
DA:164,1
DA:165,3
DA:166,2
DA:167,5
DA:169,2
DA:174,0
DA:181,0
DA:184,0
DA:187,0
DA:188,0
DA:189,0
DA:197,0
DA:200,0
DA:202,0
DA:207,0
DA:208,0
DA:210,0
DA:211,0
DA:213,0
LF:73
LH:34
end_of_record
SF:/Users/j4qfrost/Projects/conduit/packages/codable/lib/src/keyed_archive.dart
DA:32,2
DA:33,2
DA:44,2
DA:45,2
DA:47,2
DA:59,1
DA:63,2
DA:64,1
DA:66,2
DA:68,1
DA:71,2
DA:117,2
DA:122,1
DA:123,3
DA:125,1
DA:127,5
DA:132,1
DA:134,2
DA:137,2
DA:138,2
DA:140,2
DA:141,4
DA:143,0
DA:144,0
DA:146,0
DA:147,0
DA:149,1
DA:150,1
DA:151,3
DA:152,1
DA:153,2
DA:154,1
DA:155,2
DA:157,1
DA:163,2
DA:164,4
DA:165,4
DA:168,3
DA:171,2
DA:173,6
DA:174,4
DA:175,4
DA:176,2
DA:177,8
DA:178,2
DA:179,6
DA:180,2
DA:181,10
DA:189,2
DA:191,2
DA:192,6
DA:193,2
DA:194,2
DA:195,6
DA:200,6
DA:201,2
DA:202,2
DA:203,2
DA:204,2
DA:211,2
DA:219,2
DA:220,4
DA:221,4
DA:224,2
DA:236,2
DA:237,2
DA:242,2
DA:243,2
DA:244,2
DA:245,2
DA:256,2
DA:257,2
DA:262,2
DA:263,1
DA:264,1
DA:268,2
DA:277,2
DA:278,2
DA:282,2
DA:283,1
DA:284,1
DA:289,6
DA:290,2
DA:291,2
DA:300,2
DA:304,2
DA:309,2
DA:310,1
DA:311,1
DA:315,2
DA:316,8
DA:322,1
DA:332,1
DA:333,2
DA:334,2
DA:335,1
DA:336,6
DA:338,1
DA:350,1
DA:355,1
DA:356,3
DA:357,1
DA:358,3
DA:360,2
DA:368,1
DA:373,3
DA:380,1
DA:385,7
DA:392,1
DA:397,2
DA:398,2
DA:399,2
DA:402,2
LF:113
LH:109
end_of_record
SF:/Users/j4qfrost/Projects/conduit/packages/codable/lib/src/list.dart
DA:16,0
DA:19,2
DA:20,4
DA:22,2
DA:23,4
DA:25,2
DA:26,4
DA:28,0
DA:30,0
DA:33,0
DA:35,0
DA:38,0
DA:40,0
DA:43,0
DA:45,0
DA:48,1
DA:49,1
DA:50,2
DA:51,1
DA:52,2
DA:53,1
DA:54,2
DA:56,1
DA:62,2
DA:64,4
DA:65,2
DA:66,2
DA:67,0
DA:68,0
DA:74,2
DA:75,2
DA:76,2
DA:77,2
DA:78,1
LF:34
LH:23
end_of_record
SF:/Users/j4qfrost/Projects/conduit/packages/codable/lib/src/resolver.dart
DA:4,2
DA:25,2
DA:26,6
DA:27,2
DA:29,2
LF:5
LH:5
end_of_record
